
 __________________________________________________________________________
 Running FIELD
 Sums modes, producing pressure

 Point source
 Range-independent calculation

 Number of profiles   =            1
   0.00000    

 Number of receiver ranges =          501
 Receiver ranges (km)
   200.000       200.040       200.080       200.120       200.160    
   200.200       200.240       200.280       200.320       200.360    
   200.400       200.440       200.480       200.520       200.560    
   200.600       200.640       200.680       200.720       200.760    
   200.800    
  ...    220.000000    

 __________________________________________________________________________


 Number of source   depths =            1
 Source depths (m)
   500.000    

 Number of receiver depths =            1
 Receiver depths (m)
   2500.00    

 Number of receiver range offsets =            1
 Receiver range offsets (km)
   0.00000    

 Field completed successfully
