 _________________________________________________

 KRAKENC-Pekeris problem                                                         
 Frequency =   10.00    Hz
 NMedia    =   1


     N2-Linear approximation to SSP
     Attenuation units: dB/mkHz
     VACUUM


   z (m)     alphaR (m/s)   betaR  rho (g/cm^3)  alphaI     betaI


       ( # mesh points =   500  RMS rough =   0.00     )
      0.00      1500.00      0.00     1.00       0.0000    0.0000
   5000.00      1500.00      0.00     1.00       0.0000    0.0000

                                 ( RMS rough =   0.00     )
     ACOUSTO-ELASTIC half-space
   5000.00      2000.00      0.00     2.00       0.0000    0.0000

 cLow =   1400.0    m/s      cHigh =   2000.0    m/s
 RMax =    250.00000000000000     

 __________________________________________________________________________


 Number of source   depths =            1
 Source depths (m)
   500.000    

 Number of receiver depths =            1
 Receiver depths (m)
   2500.00    

 Mesh multiplier   CPU seconds
 Max. number of restarts in root finder, MaxTries =            1
        1            0.156E-01s
 Max. number of restarts in root finder, MaxTries =            1
        2             0.00    s

    I    k (1/m)            alpha (1/m)   Phase Speed (m/s) Group Speed (m/s)
    1  0.4188332253E-01   0.000000000       1500.164010       1499.840670    
    2  0.4186958032E-01   0.000000000       1500.656385       1499.362480    
    3  0.4184666447E-01   0.000000000       1501.478167       1498.564836    
    4  0.4181455674E-01   0.000000000       1502.631092       1497.446760    
    5  0.4177323161E-01   0.000000000       1504.117605       1496.006904    
    6  0.4172265636E-01   0.000000000       1505.940862       1494.243574    
    7  0.4166279103E-01   0.000000000       1508.104751       1492.154756    
    8  0.4159358848E-01   0.000000000       1510.613904       1489.738134    
    9  0.4151499439E-01   0.000000000       1513.473722       1486.991124    
   10  0.4142694720E-01   0.000000000       1516.690399       1483.910890    
   11  0.4132937809E-01   0.000000000       1520.270954       1480.494370    
   12  0.4122221089E-01   0.000000000       1524.223270       1476.738285    
   13  0.4110536194E-01   0.000000000       1528.556132       1472.639154    
   14  0.4097873993E-01   0.000000000       1533.279285       1468.193300    
   15  0.4084224568E-01   0.000000000       1538.403485       1463.396849    
   16  0.4069577186E-01   0.000000000       1543.940567       1458.245729    
   17  0.4053920272E-01   0.000000000       1549.903522       1452.735660    
   18  0.4037241363E-01   0.000000000       1556.306582       1446.862143    
   19  0.4019527072E-01   0.000000000       1563.165317       1440.620448    
   20  0.4000763035E-01   0.000000000       1570.496741       1434.005594    
   21  0.3980933859E-01   0.000000000       1578.319442       1427.012331    
   22  0.3960023053E-01   0.000000000       1586.653720       1419.635117    
   23  0.3938012967E-01   0.000000000       1595.521741       1411.868096    
   24  0.3914884708E-01   0.000000000       1604.947725       1403.705077    
   25  0.3890618058E-01   0.000000000       1614.958141       1395.139505    
   26  0.3865191380E-01   0.000000000       1625.581942       1386.164440    
   27  0.3838581509E-01   0.000000000       1636.850824       1376.772535    
   28  0.3810763645E-01   0.000000000       1648.799530       1366.956011    
   29  0.3781711221E-01   0.000000000       1661.466183       1356.706644    
   30  0.3751395766E-01   0.000000000       1674.892680       1346.015752    
   31  0.3719786754E-01   0.000000000       1689.125136       1334.874200    
   32  0.3686851438E-01   0.000000000       1704.214399       1323.272420    
   33  0.3652554677E-01   0.000000000       1720.216633       1311.200463    
   34  0.3616858743E-01   0.000000000       1737.194000       1298.648113    
   35  0.3579723130E-01   0.000000000       1755.215440       1285.605084    
   36  0.3541104368E-01   0.000000000       1774.357560       1272.061398    
   37  0.3500955866E-01   0.000000000       1794.705659       1258.008062    
   38  0.3459227830E-01   0.000000000       1816.354868       1243.438364    
   39  0.3415867360E-01   0.000000000       1839.411384       1228.350445    
   40  0.3370818983E-01   0.000000000       1863.993688       1212.752854    
   41  0.3324026217E-01   0.000000000       1890.233379       1196.677957    
   42  0.3275436107E-01   0.000000000       1918.274423       1180.220577    
   43  0.3225014368E-01   0.000000000       1948.265834       1163.686827    
   44  0.3172824619E-01   0.000000000       1980.312832       1148.656213    
 _________________________________________________

 End of environmental file
