 _________________________________________________

 KRAKEN- Pekeris problem                                                         
 Frequency =   10.00    Hz
 NMedia    =   1


     N2-Linear approximation to SSP
     Attenuation units: dB/mkHz
     VACUUM


   z (m)     alphaR (m/s)   betaR  rho (g/cm^3)  alphaI     betaI


       ( # mesh points =   500  RMS rough =   0.00     )
      0.00      1500.00      0.00     1.00       0.0000    0.0000
   5000.00      1500.00      0.00     1.00       0.0000    0.0000

                                 ( RMS rough =   0.00     )
     ACOUSTO-ELASTIC half-space
   5000.00      2000.00      0.00     2.00       0.0000    0.0000

 cLow =   1400.0    m/s      cHigh =   2000.0    m/s
 RMax =    250.00000000000000      km

 __________________________________________________________________________


 Number of source   depths =            1
 Source depths (m)
   500.000    

 Number of receiver depths =            1
 Receiver depths (m)
   2500.00    

 Mesh multiplier   CPU seconds
                --- Number of modes =           44
        1             0.00    s
                --- Number of modes =           44
        2            0.156E-01s

    I    k (1/m)            alpha (1/m)   Phase Speed (m/s) Group Speed (m/s)
    1  0.4188332253E-01   0.000000000       1500.164010       1499.846663    
    2  0.4186958032E-01   0.000000000       1500.656385       1499.386357    
    3  0.4184666447E-01   0.000000000       1501.478167       1498.618207    
    4  0.4181455674E-01   0.000000000       1502.631092       1497.540780    
    5  0.4177323161E-01   0.000000000       1504.117605       1496.152119    
    6  0.4172265636E-01   0.000000000       1505.940862       1494.449794    
    7  0.4166279103E-01   0.000000000       1508.104751       1492.430954    
    8  0.4159358848E-01   0.000000000       1510.613904       1490.092380    
    9  0.4151499439E-01   0.000000000       1513.473722       1487.430547    
   10  0.4142694720E-01   0.000000000       1516.690399       1484.441673    
   11  0.4132937809E-01   0.000000000       1520.270954       1481.121768    
   12  0.4122221089E-01   0.000000000       1524.223270       1477.466671    
   13  0.4110536194E-01   0.000000000       1528.556132       1473.472083    
   14  0.4097873993E-01   0.000000000       1533.279285       1469.133581    
   15  0.4084224568E-01   0.000000000       1538.403485       1464.446638    
   16  0.4069577186E-01   0.000000000       1543.940567       1459.406623    
   17  0.4053920272E-01   0.000000000       1549.903522       1454.008792    
   18  0.4037241363E-01   0.000000000       1556.306582       1448.248290    
   19  0.4019527072E-01   0.000000000       1563.165317       1442.120123    
   20  0.4000763035E-01   0.000000000       1570.496741       1435.619151    
   21  0.3980933859E-01   0.000000000       1578.319442       1428.740061    
   22  0.3960023053E-01   0.000000000       1586.653720       1421.477346    
   23  0.3938012967E-01   0.000000000       1595.521741       1413.825287    
   24  0.3914884708E-01   0.000000000       1604.947725       1405.777927    
   25  0.3890618058E-01   0.000000000       1614.958141       1397.329056    
   26  0.3865191380E-01   0.000000000       1625.581942       1388.472195    
   27  0.3838581509E-01   0.000000000       1636.850824       1379.200592    
   28  0.3810763645E-01   0.000000000       1648.799530       1369.507216    
   29  0.3781711221E-01   0.000000000       1661.466183       1359.384781    
   30  0.3751395766E-01   0.000000000       1674.892680       1348.825780    
   31  0.3719786754E-01   0.000000000       1689.125136       1337.822554    
   32  0.3686851438E-01   0.000000000       1704.214399       1326.367413    
   33  0.3652554677E-01   0.000000000       1720.216633       1314.452841    
   34  0.3616858743E-01   0.000000000       1737.194000       1302.071824    
   35  0.3579723130E-01   0.000000000       1755.215440       1289.218406    
   36  0.3541104368E-01   0.000000000       1774.357560       1275.888626    
   37  0.3500955866E-01   0.000000000       1794.705659       1262.082168    
   38  0.3459227830E-01   0.000000000       1816.354868       1247.805383    
   39  0.3415867360E-01   0.000000000       1839.411384       1233.077220    
   40  0.3370818983E-01   0.000000000       1863.993688       1217.941877    
   41  0.3324026217E-01   0.000000000       1890.233379       1202.499314    
   42  0.3275436107E-01   0.000000000       1918.274423       1186.993323    
   43  0.3225014368E-01   0.000000000       1948.265834       1172.152918    
   44  0.3172824619E-01   0.000000000       1980.312832       1161.657029    
 _________________________________________________

 End of environmental file
