
 __________________________________________________
 Running FIELDS
 Transforms Green's function FILE, producing pressure

 Cylindrical coordinates/point source
 Using only positive part of wavenumber spectrum

 Number of receiver ranges =          501
 Receiver ranges (km)
   200.000       200.040       200.080       200.120       200.160    
   200.200       200.240       200.280       200.320       200.360    
   200.400       200.440       200.480       200.520       200.560    
   200.600       200.640       200.680       200.720       200.760    
   200.800    
  ...    220.000000    
 NT bumped to        5500
 Thus we are zero filling the wavenumber spectrum to effectively interpolate on a finer grid
 Transform size, Nt, bumped to ensure Delta_k sampling is fine enough       27500
 NT  used =        32768
 Nrr used =          501

 Delta_k       =    6.28569887E-06
 Delta_kInterp =    4.79369010E-06
 Delta_r       =    40.0000000    

 Transform for source depth:    500.000000    
 Fields completed successfully
