 _________________________________________________

 SCOOTER-Pekeris problem                                                         
 Frequency =   10.00    Hz
 NMedia    =   1


     N2-Linear approximation to SSP
     Attenuation units: dB/mkHz
     VACUUM


   z (m)     alphaR (m/s)   betaR  rho (g/cm^3)  alphaI     betaI


       ( # mesh points =   500  RMS rough =   0.00     )
      0.00      1500.00      0.00     1.00       0.0000    0.0000
   5000.00      1500.00      0.00     1.00       0.0000    0.0000

                                 ( RMS rough =   0.00     )
     ACOUSTO-ELASTIC half-space
   5000.00      2000.00      0.00     2.00       0.0000    0.0000

 cLow =   1400.0    m/s      cHigh =   2000.0    m/s
 RMax =    250.00000000000000      km

 __________________________________________________________________________


 Number of source   depths =            1
 Source depths (m)
   500.000    

 Number of receiver depths =            1
 Receiver depths (m)
   2500.00    
 Nk =         2142
 CPU Time:     0.31250E-01s   ---cumulative
